<?xml version="1.0" encoding="UTF-8"?>
<!-- Generated by org.testng.reporters.JUnitReportReporter -->
<testsuite skipped="0" hostname="T90" name="test.LoginTest" tests="1" failures="0" timestamp="29 May 2021 16:29:21 GMT" time="8.168" errors="0">
  <testcase name="validUserShouldBeAbleToLogin" time="8.168" classname="test.LoginTest"/>
</testsuite> <!-- test.LoginTest -->
